<?xml version="1.0" encoding="UTF-8"?>
<testsuite xmlns:xsi="http://www.w3.org/2001/XMLSchema-instance" xsi:noNamespaceSchemaLocation="https://maven.apache.org/surefire/maven-surefire-plugin/xsd/surefire-test-report-3.0.xsd" version="3.0" name="ru.yandex.practicum.filmorate.FilmorateApplicationTests" time="2.005" tests="13" errors="0" skipped="0" failures="0">
  <properties>
[...]
</properties>
  <testcase name="userValidation_ShouldPassForValidEmails" classname="ru.yandex.practicum.filmorate.FilmorateApplicationTests" time="0.571">
    <system-out><![CDATA[Standard Commons Logging discovery in action with spring-jcl: please remove commons-logging.jar from classpath in order to avoid potential conflicts
03:02:39.647 [main] INFO org.springframework.test.context.support.AnnotationConfigContextLoaderUtils -- Could not detect default configuration classes for test class [ru.yandex.practicum.filmorate.FilmorateApplicationTests]: FilmorateApplicationTests does not declare any static, non-private, non-final, nested classes annotated with @Configuration.
03:02:39.713 [main] INFO org.springframework.boot.test.context.SpringBootTestContextBootstrapper -- Found @SpringBootConfiguration ru.yandex.practicum.filmorate.FilmorateApplication for test class ru.yandex.practicum.filmorate.FilmorateApplicationTests
03:02:39.824 [main] INFO org.hibernate.validator.internal.util.Version -- HV000001: Hibernate Validator 8.0.1.Final

  .   ____          _            __ _ _
 /\\ / ___'_ __ _ _(_)_ __  __ _ \ \ \ \
( ( )\___ | '_ | '_| | '_ \/ _` | \ \ \ \
 \\/  ___)| |_)| | | | | || (_| |  ) ) ) )
  '  |____| .__|_| |_|_| |_\__, | / / / /
 =========|_|==============|___/=/_/_/_/
 :: Spring Boot ::                (v3.2.4)

2025-06-26T03:02:40.073+07:00  INFO 9636 --- [           main] r.y.p.f.FilmorateApplicationTests        : Starting FilmorateApplicationTests using Java 23.0.2 with PID 9636 (started by Sergei in C:\Users\Sergei\IdeaProjects\java-filmorate)
2025-06-26T03:02:40.074+07:00  INFO 9636 --- [           main] r.y.p.f.FilmorateApplicationTests        : No active profile set, falling back to 1 default profile: "default"
2025-06-26T03:02:40.875+07:00  INFO 9636 --- [           main] r.y.p.f.FilmorateApplicationTests        : Started FilmorateApplicationTests in 0.934 seconds (process running for 1.759)
]]></system-out>
  </testcase>
  <testcase name="userValidation_ShouldPassForShortButValidTLDs" classname="ru.yandex.practicum.filmorate.FilmorateApplicationTests" time="0.01"/>
  <testcase name="userValidation_ShouldFailWhenBirthdayInFuture" classname="ru.yandex.practicum.filmorate.FilmorateApplicationTests" time="0.006"/>
  <testcase name="userValidation_ShouldUseLoginWhenNameEmpty" classname="ru.yandex.practicum.filmorate.FilmorateApplicationTests" time="0.002"/>
  <testcase name="filmValidation_ShouldFailWhenDescriptionTooLong" classname="ru.yandex.practicum.filmorate.FilmorateApplicationTests" time="0.012"/>
  <testcase name="userValidation_ShouldFailWhenLoginContainsSpaces" classname="ru.yandex.practicum.filmorate.FilmorateApplicationTests" time="0.004"/>
  <testcase name="filmValidation_ShouldFailWhenReleaseDateTooEarly" classname="ru.yandex.practicum.filmorate.FilmorateApplicationTests" time="0.004"/>
  <testcase name="filmValidation_ShouldFailWhenDurationNegative" classname="ru.yandex.practicum.filmorate.FilmorateApplicationTests" time="0.004"/>
  <testcase name="userValidation_ShouldFailForNumericTLDs" classname="ru.yandex.practicum.filmorate.FilmorateApplicationTests" time="0.004"/>
  <testcase name="contextLoads" classname="ru.yandex.practicum.filmorate.FilmorateApplicationTests" time="0.001"/>
  <testcase name="filmValidation_ShouldFailWhenNameIsEmpty" classname="ru.yandex.practicum.filmorate.FilmorateApplicationTests" time="0.003"/>
  <testcase name="filmValidation_ShouldPassWhenReleaseDateIsMinAllowed" classname="ru.yandex.practicum.filmorate.FilmorateApplicationTests" time="0.003"/>
  <testcase name="userValidation_ShouldFailForInvalidEmails" classname="ru.yandex.practicum.filmorate.FilmorateApplicationTests" time="0.005"/>
</testsuite>